Running tests ...
[1A[KRunning 33 tests in 1 runtime ...
[1A[K[1m[32m33 tests, 156 assertions, 1 runtime ... OK[0m
-------------------|-----------|-----------|-----------|-----------|
File               |   % Stmts |% Branches |   % Funcs |   % Lines |
-------------------|-----------|-----------|-----------|-----------|
   lib/            |       100 |       100 |       100 |       100 |
      child.js     |       100 |       100 |       100 |       100 |
      cli.js       |       100 |       100 |       100 |       100 |
      datagen.js   |       100 |       100 |       100 |       100 |
      functions.js |       100 |       100 |       100 |       100 |
      worker.js    |       100 |       100 |       100 |       100 |
-------------------|-----------|-----------|-----------|-----------|
All files          |       100 |       100 |       100 |       100 |
-------------------|-----------|-----------|-----------|-----------|


=============================== Coverage summary ===============================
Statements   : 100% ( 123/123 )
Branches     : 100% ( 59/59 )
Functions    : 100% ( 28/28 )
Lines        : 100% ( 123/123 )
================================================================================
